2018-05-13 11:50:49,793 [INFO] from play.api.http.EnabledFilters in play-dev-mode-akka.actor.default-dispatcher-4 - Enabled Filters (see <https://www.playframework.com/documentation/latest/Filters>):

    play.filters.csrf.CSRFFilter
    play.filters.headers.SecurityHeadersFilter
    play.filters.hosts.AllowedHostsFilter
    play.filters.cors.CORSFilter

2018-05-13 11:50:49,799 [INFO] from play.api.Play in play-dev-mode-akka.actor.default-dispatcher-4 - Application started (Dev)
2018-05-13 11:50:50,454 [DEBUG] from slick.jdbc.JdbcBackend.statement in testdb-1 - Preparing statement: select pi.HASHER,pi.PASSWORD,pi.SALT from PASSWORD_INFO pi
          join LOGIN_INFO li on li.ID = pi.LOGIN_INFO_ID
          where li.PROVIDER_ID = ?
            and li.PROVIDER_KEY =?
2018-05-13 11:50:50,610 [DEBUG] from slick.jdbc.JdbcBackend.statement in db-1 - Preparing statement: select u.* from LOGIN_INFO li
        join USER_LOGIN_INFO uli on li.id = uli.LOGIN_INFO_ID
        join user u on u.id = uli.USER_ID where li.PROVIDER_ID = ? and li.PROVIDER_KEY = ?;
2018-05-13 11:57:31,831 [DEBUG] from slick.jdbc.JdbcBackend.statement in testdb-2 - Preparing statement: select pi.HASHER,pi.PASSWORD,pi.SALT from PASSWORD_INFO pi
          join LOGIN_INFO li on li.ID = pi.LOGIN_INFO_ID
          where li.PROVIDER_ID = ?
            and li.PROVIDER_KEY =?
2018-05-13 11:57:31,919 [DEBUG] from slick.jdbc.JdbcBackend.statement in db-2 - Preparing statement: select u.* from LOGIN_INFO li
        join USER_LOGIN_INFO uli on li.id = uli.LOGIN_INFO_ID
        join user u on u.id = uli.USER_ID where li.PROVIDER_ID = ? and li.PROVIDER_KEY = ?;
2018-05-13 14:07:32,938 [WARN] from com.zaxxer.hikari.pool.HikariPool in testdb housekeeper - testdb - Thread starvation or clock leap detected (housekeeper delta=1h43m42s521ms).
2018-05-13 14:07:33,394 [WARN] from com.zaxxer.hikari.pool.HikariPool in db housekeeper - db - Thread starvation or clock leap detected (housekeeper delta=1h43m42s522ms).
2018-05-13 15:46:48,682 [WARN] from com.zaxxer.hikari.pool.HikariPool in testdb housekeeper - testdb - Thread starvation or clock leap detected (housekeeper delta=1h39m15s534ms).
2018-05-13 15:46:48,682 [WARN] from com.zaxxer.hikari.pool.HikariPool in db housekeeper - db - Thread starvation or clock leap detected (housekeeper delta=1h39m15s78ms).
2018-05-13 15:59:15,332 [INFO] from play.api.http.EnabledFilters in play-dev-mode-akka.actor.default-dispatcher-10 - Enabled Filters (see <https://www.playframework.com/documentation/latest/Filters>):

    play.filters.csrf.CSRFFilter
    play.filters.headers.SecurityHeadersFilter
    play.filters.hosts.AllowedHostsFilter
    play.filters.cors.CORSFilter

2018-05-13 15:59:15,333 [INFO] from play.api.Play in play-dev-mode-akka.actor.default-dispatcher-10 - Application started (Dev)
2018-05-13 15:59:15,357 [DEBUG] from slick.jdbc.JdbcBackend.statement in testdb-1 - Preparing statement: select pi.HASHER,pi.PASSWORD,pi.SALT from PASSWORD_INFO pi
          join LOGIN_INFO li on li.ID = pi.LOGIN_INFO_ID
          where li.PROVIDER_ID = ?
            and li.PROVIDER_KEY =?
2018-05-13 15:59:15,455 [DEBUG] from slick.jdbc.JdbcBackend.statement in db-1 - Preparing statement: select u.* from LOGIN_INFO li
        join USER_LOGIN_INFO uli on li.id = uli.LOGIN_INFO_ID
        join user u on u.id = uli.USER_ID where li.PROVIDER_ID = ? and li.PROVIDER_KEY = ?;
2018-05-13 15:59:20,579 [DEBUG] from slick.jdbc.JdbcBackend.statement in testdb-2 - Preparing statement: select pi.HASHER,pi.PASSWORD,pi.SALT from PASSWORD_INFO pi
          join LOGIN_INFO li on li.ID = pi.LOGIN_INFO_ID
          where li.PROVIDER_ID = ?
            and li.PROVIDER_KEY =?
2018-05-13 15:59:20,671 [DEBUG] from slick.jdbc.JdbcBackend.statement in db-2 - Preparing statement: select u.* from LOGIN_INFO li
        join USER_LOGIN_INFO uli on li.id = uli.LOGIN_INFO_ID
        join user u on u.id = uli.USER_ID where li.PROVIDER_ID = ? and li.PROVIDER_KEY = ?;
2018-05-13 15:59:21,531 [DEBUG] from slick.jdbc.JdbcBackend.statement in testdb-3 - Preparing statement: select pi.HASHER,pi.PASSWORD,pi.SALT from PASSWORD_INFO pi
          join LOGIN_INFO li on li.ID = pi.LOGIN_INFO_ID
          where li.PROVIDER_ID = ?
            and li.PROVIDER_KEY =?
2018-05-13 15:59:21,625 [DEBUG] from slick.jdbc.JdbcBackend.statement in db-3 - Preparing statement: select u.* from LOGIN_INFO li
        join USER_LOGIN_INFO uli on li.id = uli.LOGIN_INFO_ID
        join user u on u.id = uli.USER_ID where li.PROVIDER_ID = ? and li.PROVIDER_KEY = ?;
2018-05-13 18:01:26,306 [WARN] from com.zaxxer.hikari.pool.HikariPool in testdb housekeeper - testdb - Thread starvation or clock leap detected (housekeeper delta=38m10s367ms).
2018-05-13 18:01:26,401 [WARN] from com.zaxxer.hikari.pool.HikariPool in db housekeeper - db - Thread starvation or clock leap detected (housekeeper delta=38m10s367ms).
2018-05-13 18:01:30,151 [WARN] from com.zaxxer.hikari.pool.HikariPool in testdb housekeeper - testdb - Thread starvation or clock leap detected (housekeeper delta=38m10s366ms).
